0 1781534903.170480728
1 1781534904.170661449
2 1781534905.170830488
3 1781534906.170997858
4 1781534907.171142340
5 1781534908.171312094
6 1781534909.171448946
7 1781534910.171613455
8 1781534911.171792746
9 1781534912.171930790
10 1781534913.172098398
11 1781534914.172224998
12 1781534915.172357559
13 1781534916.172513008
14 1781534917.172652483
15 1781534918.172809601
16 1781534919.172981262
17 1781534920.173162699
18 1781534921.173303604
19 1781534922.173445225
20 1781534923.173615217
21 1781534924.173784256
22 1781534925.173941135
23 1781534926.174048662
24 1781534927.174190044
25 1781534928.174319983
26 1781534929.174484015
27 1781534930.174659252
28 1781534931.174801350
29 1781534932.174928665
30 1781534933.175096035
31 1781534934.175254822
32 1781534935.175405502
33 1781534936.175561190
34 1781534937.175800800
35 1781534938.175963640
36 1781534939.176161051
37 1781534940.176299572
38 1781534941.176440477
39 1781534942.176638365
40 1781534943.176799774
41 1781534944.176947117
42 1781534945.177096844
43 1781534946.177263737
44 1781534947.177410364
45 1781534948.177535772
46 1781534949.177670240
47 1781534950.177828550
48 1781534951.177989721
49 1781534952.178158522
50 1781534953.178310394
51 1781534954.178499460
52 1781534955.178611994
53 1781534956.178729773
54 1781534957.178885698
55 1781534958.179045439
56 1781534959.179206133
57 1781534960.179400682
58 1781534961.179577351
59 1781534962.179801226
60 1781534963.179979563
61 1781534964.180155993
62 1781534965.180309057
63 1781534966.180463314
64 1781534967.180615664
65 1781534968.180783272
66 1781534969.180931568
67 1781534970.181082249
68 1781534971.181229353
69 1781534972.181388140
70 1781534973.181679249
71 1781534974.181833744
72 1781534975.181995869
73 1781534976.182148218
74 1781534977.182304382
75 1781534978.182459593
76 1781534979.182614565
77 1781534980.182767391
78 1781534981.182888269
79 1781534982.183010817
80 1781534983.183172226
81 1781534984.183324814
82 1781534985.183491707
83 1781534986.183611870
84 1781534987.183798313
85 1781534988.183960199
86 1781534989.184102535
87 1781534990.184262514
88 1781534991.184404850
89 1781534992.184551716
90 1781534993.184731483
91 1781534994.184902906
92 1781534995.185058594
93 1781534996.185207367
94 1781534997.185383081
95 1781534998.185573339
96 1781534999.185819864
97 1781535000.185965538
98 1781535001.186130047
99 1781535002.186273575
