0 -81.332
1 -81.3451
2 -81.3501
3 -81.3694
4 -81.4018
5 -81.5165
6 -81.5403
7 -81.5387
8 -81.5227
9 -81.497
10 -81.4927
11 -81.5413
12 -81.5485
13 -81.5153
14 -81.5401
15 -81.5487
16 -81.5525
17 -81.5585
18 -81.5802
19 -81.563
20 -81.552
21 -81.5067
22 -81.5003
23 -81.517
24 -81.5239
25 -81.5156
26 -81.4893
27 -81.4986
28 -81.511
29 -81.5423
30 -81.5325
31 -81.5201
32 -81.5256
33 -81.5239
34 -81.4755
35 -81.4881
36 -81.4776
37 -81.5096
38 -81.5253
39 -81.4898
40 -81.5074
41 -81.5113
42 -81.5191
43 -81.5055
44 -81.5306
45 -81.5396
46 -81.552
47 -81.5499
48 -81.5136
49 -81.4929
50 -81.4924
51 -81.4624
52 -81.532
53 -81.5234
54 -81.5411
55 -81.5091
56 -81.5094
57 -81.4705
58 -81.4242
59 -81.372
60 -81.3532
61 -81.316
62 -81.3303
63 -81.3153
64 -81.3408
65 -81.3012
66 -81.305
67 -81.3265
68 -81.3174
69 -81.3284
70 -81.2066
71 -81.1973
72 -81.1872
73 -81.1846
74 -81.2349
75 -81.2354
76 -81.2712
77 -81.2814
78 -81.2986
79 -81.3189
80 -81.3053
81 -81.3212
82 -81.3348
83 -81.3317
84 -81.2955
85 -81.265
86 -81.259
87 -81.28
88 -81.2528
89 -81.2378
90 -81.181
91 -81.1818
92 -81.1741
93 -81.1868
94 -81.1825
95 -81.2175
96 -81.1257
97 -81.1176
98 -81.1031
99 -81.1324
