0 1781534903.251812696
1 1781534904.252006531
2 1781534905.252180576
3 1781534906.252367258
4 1781534907.252544165
5 1781534908.252828598
6 1781534909.252989292
7 1781534910.253152132
8 1781534911.253315449
9 1781534912.253427744
10 1781534913.253591061
11 1781534914.253766298
12 1781534915.253906012
13 1781534916.254028320
14 1781534917.254192591
15 1781534918.254358292
16 1781534919.254533768
17 1781534920.254721165
18 1781534921.254883766
19 1781534922.255008221
20 1781534923.255167246
21 1781534924.255290985
22 1781534925.255441427
23 1781534926.255565643
24 1781534927.255713940
25 1781534928.255835533
26 1781534929.255973339
27 1781534930.256157875
28 1781534931.256312370
29 1781534932.256470919
30 1781534933.256628513
31 1781534934.256774902
32 1781534935.256931067
33 1781534936.257085085
34 1781534937.257276297
35 1781534938.257451773
36 1781534939.257638693
37 1781534940.257809162
38 1781534941.257965803
39 1781534942.258128166
40 1781534943.258307219
41 1781534944.258458376
42 1781534945.258615971
43 1781534946.258769274
44 1781534947.258940935
45 1781534948.259075403
46 1781534949.259222269
47 1781534950.259378433
48 1781534951.259503365
49 1781534952.259651423
50 1781534953.259802818
51 1781534954.259961843
52 1781534955.260143995
53 1781534956.260253191
54 1781534957.260426760
55 1781534958.260554552
56 1781534959.260715485
57 1781534960.260871172
58 1781534961.261001587
59 1781534962.261173248
60 1781534963.261332750
61 1781534964.261471987
62 1781534965.261639357
63 1781534966.261778593
64 1781534967.261956453
65 1781534968.262084484
66 1781534969.262236595
67 1781534970.262408733
68 1781534971.262546778
69 1781534972.262716532
70 1781534973.262885809
71 1781534974.263031006
72 1781534975.263183117
73 1781534976.263332844
74 1781534977.263539314
75 1781534978.263695002
76 1781534979.263885736
77 1781534980.264048815
78 1781534981.264186859
79 1781534982.264329672
80 1781534983.264477491
81 1781534984.264646053
82 1781534985.264826536
83 1781534986.264943600
84 1781534987.265093803
85 1781534988.265225172
86 1781534989.265361547
87 1781534990.265542507
88 1781534991.265657663
89 1781534992.265789509
90 1781534993.265912533
91 1781534994.266084671
92 1781534995.266232729
93 1781534996.266394138
94 1781534997.266565561
95 1781534998.266790867
96 1781534999.266945601
97 1781535000.267083168
98 1781535001.267233133
99 1781535002.267405987
